Using pre-set license
Built from '2020.3/staging' branch; Version is '2020.3.25f1 (9b9180224418) revision 10195328'; Using compiler version '192528614'; Build Type 'Release'
OS: 'Windows 10  (10.0.19043) 64bit Professional' Language: 'zh' Physical Memory: 16217 MB
BatchMode: 1, IsHumanControllingUs: 0, StartBugReporterOnCrash: 0, Is64bit: 1, IsPro: 0

COMMAND LINE ARGUMENTS:
C:\Program Files\Unity\Hub\Editor\2020.3.25f1\Editor\Unity.exe
-adb2
-batchMode
-noUpm
-name
AssetImportWorker0
-projectPath
C:/KID/Unity_TNU_WebGame_20220222_A/WebGame_20220222_A
-logFile
Logs/AssetImportWorker0.log
-srvPort
1634
Successfully changed project path to: C:/KID/Unity_TNU_WebGame_20220222_A/WebGame_20220222_A
C:/KID/Unity_TNU_WebGame_20220222_A/WebGame_20220222_A
Using Asset Import Pipeline V2.
Refreshing native plugins compatible for Editor in 42.97 ms, found 3 plugins.
Preloading 0 native plugins for Editor in 0.00 ms.
Initialize engine version: 2020.3.25f1 (9b9180224418)
[Subsystems] Discovering subsystems at path C:/Program Files/Unity/Hub/Editor/2020.3.25f1/Editor/Data/Resources/UnitySubsystems
[Subsystems] Discovering subsystems at path C:/KID/Unity_TNU_WebGame_20220222_A/WebGame_20220222_A/Assets
GfxDevice: creating device client; threaded=0
Direct3D:
    Version:  Direct3D 11.0 [level 11.1]
    Renderer: NVIDIA GeForce GTX 1650 SUPER (ID=0x2187)
    Vendor:   
    VRAM:     3955 MB
    Driver:   27.21.14.5671
Initialize mono
Mono path[0] = 'C:/Program Files/Unity/Hub/Editor/2020.3.25f1/Editor/Data/Managed'
Mono path[1] = 'C:/Program Files/Unity/Hub/Editor/2020.3.25f1/Editor/Data/MonoBleedingEdge/lib/mono/unityjit'
Mono config path = 'C:/Program Files/Unity/Hub/Editor/2020.3.25f1/Editor/Data/MonoBleedingEdge/etc'
Using monoOptions --debugger-agent=transport=dt_socket,embedding=1,server=y,suspend=n,address=127.0.0.1:56540
Begin MonoManager ReloadAssembly
Registering precompiled unity dll's ...
Register platform support module: C:/Program Files/Unity/Hub/Editor/2020.3.25f1/Editor/Data/PlaybackEngines/WebGLSupport/UnityEditor.WebGL.Extensions.dll
Register platform support module: C:/Program Files/Unity/Hub/Editor/2020.3.25f1/Editor/Data/PlaybackEngines/WindowsStandaloneSupport/UnityEditor.WindowsStandalone.Extensions.dll
Registered in 0.001086 seconds.
Native extension for WindowsStandalone target not found
Native extension for WebGL target not found
Refreshing native plugins compatible for Editor in 42.37 ms, found 3 plugins.
Preloading 0 native plugins for Editor in 0.00 ms.
Mono: successfully reloaded assembly
- Completed reload, in  0.557 seconds
Domain Reload Profiling:
	ReloadAssembly (557ms)
		BeginReloadAssembly (45ms)
			ExecutionOrderSort (0ms)
			DisableScriptedObjects (0ms)
			BackupInstance (0ms)
			ReleaseScriptingObjects (0ms)
			CreateAndSetChildDomain (1ms)
		EndReloadAssembly (442ms)
			LoadAssemblies (44ms)
			RebuildTransferFunctionScriptingTraits (0ms)
			SetupTypeCache (147ms)
			ReleaseScriptCaches (0ms)
			RebuildScriptCaches (31ms)
			SetupLoadedEditorAssemblies (168ms)
				LogAssemblyErrors (0ms)
				InitializePlatformSupportModulesInManaged (6ms)
				SetLoadedEditorAssemblies (0ms)
				RefreshPlugins (42ms)
				BeforeProcessingInitializeOnLoad (9ms)
				ProcessInitializeOnLoadAttributes (82ms)
				ProcessInitializeOnLoadMethodAttributes (28ms)
				AfterProcessingInitializeOnLoad (0ms)
				EditorAssembliesLoaded (0ms)
			ExecutionOrderSort2 (0ms)
			AwakeInstancesAfterBackupRestoration (0ms)
Platform modules already initialized, skipping
Registering precompiled user dll's ...
Registered in 0.002291 seconds.
Begin MonoManager ReloadAssembly
Native extension for WindowsStandalone target not found
Native extension for WebGL target not found
Refreshing native plugins compatible for Editor in 41.70 ms, found 3 plugins.
Preloading 0 native plugins for Editor in 0.00 ms.
Mono: successfully reloaded assembly
- Completed reload, in  1.045 seconds
Domain Reload Profiling:
	ReloadAssembly (1046ms)
		BeginReloadAssembly (131ms)
			ExecutionOrderSort (0ms)
			DisableScriptedObjects (4ms)
			BackupInstance (0ms)
			ReleaseScriptingObjects (0ms)
			CreateAndSetChildDomain (18ms)
		EndReloadAssembly (860ms)
			LoadAssemblies (75ms)
			RebuildTransferFunctionScriptingTraits (0ms)
			SetupTypeCache (294ms)
			ReleaseScriptCaches (0ms)
			RebuildScriptCaches (52ms)
			SetupLoadedEditorAssemblies (309ms)
				LogAssemblyErrors (0ms)
				InitializePlatformSupportModulesInManaged (4ms)
				SetLoadedEditorAssemblies (0ms)
				RefreshPlugins (42ms)
				BeforeProcessingInitializeOnLoad (60ms)
				ProcessInitializeOnLoadAttributes (184ms)
				ProcessInitializeOnLoadMethodAttributes (15ms)
				AfterProcessingInitializeOnLoad (4ms)
				EditorAssembliesLoaded (0ms)
			ExecutionOrderSort2 (0ms)
			AwakeInstancesAfterBackupRestoration (6ms)
Platform modules already initialized, skipping
========================================================================
Worker process is ready to serve import requests
Launched and connected shader compiler UnityShaderCompiler.exe after 0.03 seconds
Refreshing native plugins compatible for Editor in 0.90 ms, found 3 plugins.
Preloading 0 native plugins for Editor in 0.00 ms.
Unloading 2194 Unused Serialized files (Serialized files now loaded: 0)
System memory in use before: 95.8 MB.
System memory in use after: 95.9 MB.

Unloading 28 unused Assets to reduce memory usage. Loaded Objects now: 2627.
Total: 3.529000 ms (FindLiveObjects: 0.342000 ms CreateObjectMapping: 0.082700 ms MarkObjects: 3.051400 ms  DeleteObjects: 0.052100 ms)

AssetImportParameters requested are different than current active one (requested -> active):
  custom:framework-win-MediaFoundation: 216162199b28c13a410421893ffa2e32 -> 
  custom:video-decoder-ogg-theora: a1e56fd34408186e4bbccfd4996cb3dc -> 
  custom:container-muxer-webm: aa71ff27fc2769a1b78a27578f13a17b -> 
  custom:container-demuxer-webm: 4f35f7cbe854078d1ac9338744f61a02 -> 
  custom:container-demuxer-ogg: 62fdf1f143b41e24485cea50d1cbac27 -> 
  custom:video-encoder-webm-vp8: eb34c28f22e8b96e1ab97ce403110664 -> 
  custom:video-decoder-webm-vp8: 9c59270c3fd7afecdb556c50c9e8de78 -> 
  custom:audio-decoder-ogg-vorbis: bf7c407c2cedff20999df2af8eb42d56 -> 
  custom:audio-encoder-webm-vorbis: bf7c407c2cedff20999df2af8eb42d56 -> 
========================================================================
Received Import Request.
  path: Assets/圖片/First Asset pack .png
  artifactKey: Guid(731bfa76414417e47b14642af6a500a4) Importer(815301076,1909f56bfc062723c751e8b465ee728b)
Start importing Assets/圖片/First Asset pack .png using Guid(731bfa76414417e47b14642af6a500a4) Importer(815301076,1909f56bfc062723c751e8b465ee728b)  -> (artifact id: '1d84587794f203069a9ee2149e6b11a8') in 1.076673 seconds 
  Import took 1.081646 seconds .

========================================================================
Received Import Request.
  Time since last request: 1105.298998 seconds.
  path: Assets/Scenes
  artifactKey: Guid(01f7a0b30adffa848ac42a36a8d78958) Importer(815301076,1909f56bfc062723c751e8b465ee728b)
Start importing Assets/Scenes using Guid(01f7a0b30adffa848ac42a36a8d78958) Importer(815301076,1909f56bfc062723c751e8b465ee728b)  -> (artifact id: 'e4c75ca451c80e83da283a303813d0e2') in 0.000954 seconds 
  Import took 0.004229 seconds .

========================================================================
Received Import Request.
  Time since last request: 1033.360735 seconds.
  path: Assets/調色盤/First Asset pack _46.asset
  artifactKey: Guid(2255c1fa0ec41174cb419e953a048bb7) Importer(815301076,1909f56bfc062723c751e8b465ee728b)
Start importing Assets/調色盤/First Asset pack _46.asset using Guid(2255c1fa0ec41174cb419e953a048bb7) Importer(815301076,1909f56bfc062723c751e8b465ee728b)  -> (artifact id: '732300e81346e2e8f1b1b8e5c3f1fc7a') in 0.021493 seconds 
  Import took 0.024897 seconds .

========================================================================
Received Import Request.
  Time since last request: 0.000309 seconds.
  path: Assets/調色盤/First Asset pack _48.asset
  artifactKey: Guid(2443a60078651da499feee4040f661e2) Importer(815301076,1909f56bfc062723c751e8b465ee728b)
Start importing Assets/調色盤/First Asset pack _48.asset using Guid(2443a60078651da499feee4040f661e2) Importer(815301076,1909f56bfc062723c751e8b465ee728b)  -> (artifact id: '33183b077d254111381a59f931c2c7da') in 0.006234 seconds 
  Import took 0.010043 seconds .

========================================================================
Received Import Request.
  Time since last request: 0.000223 seconds.
  path: Assets/調色盤/First Asset pack _47.asset
  artifactKey: Guid(598f72bc913b35245addeed2469c1c1a) Importer(815301076,1909f56bfc062723c751e8b465ee728b)
Start importing Assets/調色盤/First Asset pack _47.asset using Guid(598f72bc913b35245addeed2469c1c1a) Importer(815301076,1909f56bfc062723c751e8b465ee728b)  -> (artifact id: '04925e00d87d7dee2c5faeed929bdbde') in 0.013055 seconds 
  Import took 0.017406 seconds .

========================================================================
Received Import Request.
  Time since last request: 0.000231 seconds.
  path: Assets/調色盤/First Asset pack _84.asset
  artifactKey: Guid(c7675eb572caf484b9d1a3e8c1a37bb2) Importer(815301076,1909f56bfc062723c751e8b465ee728b)
Start importing Assets/調色盤/First Asset pack _84.asset using Guid(c7675eb572caf484b9d1a3e8c1a37bb2) Importer(815301076,1909f56bfc062723c751e8b465ee728b)  -> (artifact id: '21747e14442ddf43c0c3424a702e0a26') in 0.010259 seconds 
  Import took 0.013489 seconds .

========================================================================
Received Import Request.
  Time since last request: 0.000283 seconds.
  path: Assets/調色盤/First Asset pack _81.asset
  artifactKey: Guid(fb53b9be9fda3824184eb00485768aa8) Importer(815301076,1909f56bfc062723c751e8b465ee728b)
Start importing Assets/調色盤/First Asset pack _81.asset using Guid(fb53b9be9fda3824184eb00485768aa8) Importer(815301076,1909f56bfc062723c751e8b465ee728b)  -> (artifact id: '028e9af84d98b1a5eb4a3776789bed0b') in 0.010617 seconds 
  Import took 0.014334 seconds .

========================================================================
Received Import Request.
  Time since last request: 0.000222 seconds.
  path: Assets/調色盤/First Asset pack _80.asset
  artifactKey: Guid(7c9af012effaf4040a1f4aaa731e361b) Importer(815301076,1909f56bfc062723c751e8b465ee728b)
Start importing Assets/調色盤/First Asset pack _80.asset using Guid(7c9af012effaf4040a1f4aaa731e361b) Importer(815301076,1909f56bfc062723c751e8b465ee728b)  -> (artifact id: 'f5fbaae3fbc066a5221dbf160c742b42') in 0.005191 seconds 
  Import took 0.009479 seconds .

========================================================================
Received Import Request.
  Time since last request: 0.000300 seconds.
  path: Assets/調色盤/First Asset pack _83.asset
  artifactKey: Guid(6a8e2501ac76aa9499d91651ca893b34) Importer(815301076,1909f56bfc062723c751e8b465ee728b)
Start importing Assets/調色盤/First Asset pack _83.asset using Guid(6a8e2501ac76aa9499d91651ca893b34) Importer(815301076,1909f56bfc062723c751e8b465ee728b)  -> (artifact id: 'ccc315aec4ed05c4c0861a5eb1d58912') in 0.007773 seconds 
  Import took 0.013929 seconds .

========================================================================
Received Import Request.
  Time since last request: 0.000409 seconds.
  path: Assets/調色盤/First Asset pack _79.asset
  artifactKey: Guid(7a3c689d6d2ed7e48b6d63ec0b28f009) Importer(815301076,1909f56bfc062723c751e8b465ee728b)
Start importing Assets/調色盤/First Asset pack _79.asset using Guid(7a3c689d6d2ed7e48b6d63ec0b28f009) Importer(815301076,1909f56bfc062723c751e8b465ee728b)  -> (artifact id: 'a56a6b62607d639f28367bfeb2e46228') in 0.008431 seconds 
  Import took 0.015306 seconds .

========================================================================
Received Import Request.
  Time since last request: 0.000266 seconds.
  path: Assets/調色盤/森林調色盤.prefab
  artifactKey: Guid(9862e7e32ee7c8f4cb8731662921bdcc) Importer(815301076,1909f56bfc062723c751e8b465ee728b)
Start importing Assets/調色盤/森林調色盤.prefab using Guid(9862e7e32ee7c8f4cb8731662921bdcc) Importer(815301076,1909f56bfc062723c751e8b465ee728b)  -> (artifact id: 'ec7a2d887778b5c349978180b7c4bb8b') in 0.036191 seconds 
  Import took 0.039988 seconds .

========================================================================
Received Import Request.
  Time since last request: 0.000339 seconds.
  path: Assets/調色盤/First Asset pack _49.asset
  artifactKey: Guid(23b53a50cce416a48ba749e116b2b7e1) Importer(815301076,1909f56bfc062723c751e8b465ee728b)
Start importing Assets/調色盤/First Asset pack _49.asset using Guid(23b53a50cce416a48ba749e116b2b7e1) Importer(815301076,1909f56bfc062723c751e8b465ee728b)  -> (artifact id: 'e5960a22cf51a53f52fc8a2f0e047301') in 0.010387 seconds 
  Import took 0.015929 seconds .

========================================================================
Received Import Request.
  Time since last request: 0.000341 seconds.
  path: Assets/調色盤/First Asset pack _50.asset
  artifactKey: Guid(6080b7862393a504e8b946e642baf65e) Importer(815301076,1909f56bfc062723c751e8b465ee728b)
Start importing Assets/調色盤/First Asset pack _50.asset using Guid(6080b7862393a504e8b946e642baf65e) Importer(815301076,1909f56bfc062723c751e8b465ee728b)  -> (artifact id: 'b07e705b039a9a59d09bf352a03d794c') in 0.006934 seconds 
  Import took 0.012169 seconds .

========================================================================
Received Import Request.
  Time since last request: 0.000371 seconds.
  path: Assets/調色盤/First Asset pack _82.asset
  artifactKey: Guid(edd53d13a7d49564d88a87dac671445c) Importer(815301076,1909f56bfc062723c751e8b465ee728b)
Start importing Assets/調色盤/First Asset pack _82.asset using Guid(edd53d13a7d49564d88a87dac671445c) Importer(815301076,1909f56bfc062723c751e8b465ee728b)  -> (artifact id: 'e836b54518f261b97b5b941c81f30b74') in 0.006663 seconds 
  Import took 0.011387 seconds .

========================================================================
Received Import Request.
  Time since last request: 0.000265 seconds.
  path: Assets/調色盤/First Asset pack _51.asset
  artifactKey: Guid(8fc92e1930d1a61409d6f6c050a538c3) Importer(815301076,1909f56bfc062723c751e8b465ee728b)
Start importing Assets/調色盤/First Asset pack _51.asset using Guid(8fc92e1930d1a61409d6f6c050a538c3) Importer(815301076,1909f56bfc062723c751e8b465ee728b)  -> (artifact id: '6ee1a9a599ecc840ed117f635207f6cc') in 0.007174 seconds 
  Import took 0.011622 seconds .

========================================================================
Received Import Request.
  Time since last request: 141.201379 seconds.
  path: Assets/圖片/Bench and chest/Bench.png
  artifactKey: Guid(4f087ddfafb18874fafab6bd266ece45) Importer(815301076,1909f56bfc062723c751e8b465ee728b)
Start importing Assets/圖片/Bench and chest/Bench.png using Guid(4f087ddfafb18874fafab6bd266ece45) Importer(815301076,1909f56bfc062723c751e8b465ee728b)  -> (artifact id: '118a00a4974a61705c90b8d3e61e7159') in 0.013551 seconds 
  Import took 0.018215 seconds .

========================================================================
Received Import Request.
  Time since last request: 0.000302 seconds.
  path: Assets/圖片/Bench and chest/Chest.png
  artifactKey: Guid(a3f54a4fd869aae4c94496cd26c41f50) Importer(815301076,1909f56bfc062723c751e8b465ee728b)
Start importing Assets/圖片/Bench and chest/Chest.png using Guid(a3f54a4fd869aae4c94496cd26c41f50) Importer(815301076,1909f56bfc062723c751e8b465ee728b)  -> (artifact id: 'e6898324cd41c8add13bb970a0df41fd') in 0.027102 seconds 
  Import took 0.032855 seconds .

========================================================================
Received Import Request.
  Time since last request: 0.547349 seconds.
  path: Assets/圖片/Bushes/Bush-1.png
  artifactKey: Guid(e790e90cd36541a47943b71fabfa7786) Importer(815301076,1909f56bfc062723c751e8b465ee728b)
Start importing Assets/圖片/Bushes/Bush-1.png using Guid(e790e90cd36541a47943b71fabfa7786) Importer(815301076,1909f56bfc062723c751e8b465ee728b)  -> (artifact id: 'cfc9a9f5c98b7ec185b392e38d00b454') in 0.008745 seconds 
  Import took 0.012306 seconds .

========================================================================
Received Import Request.
  Time since last request: 0.000334 seconds.
  path: Assets/圖片/Bushes/Bush-2.png
  artifactKey: Guid(9588ffe33d02007498ea1358c0465179) Importer(815301076,1909f56bfc062723c751e8b465ee728b)
Start importing Assets/圖片/Bushes/Bush-2.png using Guid(9588ffe33d02007498ea1358c0465179) Importer(815301076,1909f56bfc062723c751e8b465ee728b)  -> (artifact id: 'a4c5d5f7e9abd4e5e062f0e09fb6134b') in 0.011201 seconds 
  Import took 0.017665 seconds .

========================================================================
Received Import Request.
  Time since last request: 0.001678 seconds.
  path: Assets/圖片/Bushes/Bush-4.png
  artifactKey: Guid(e5148fee7c6f9584f9564e824ff9935f) Importer(815301076,1909f56bfc062723c751e8b465ee728b)
Start importing Assets/圖片/Bushes/Bush-4.png using Guid(e5148fee7c6f9584f9564e824ff9935f) Importer(815301076,1909f56bfc062723c751e8b465ee728b)  -> (artifact id: '3138262ca385dc1a8de5f6fa463737cc') in 0.009614 seconds 
  Import took 0.015360 seconds .

========================================================================
Received Import Request.
  Time since last request: 0.000280 seconds.
  path: Assets/圖片/Bushes/Stump.png
  artifactKey: Guid(07e263a30767fbb4ca5355da1b8a52d2) Importer(815301076,1909f56bfc062723c751e8b465ee728b)
Start importing Assets/圖片/Bushes/Stump.png using Guid(07e263a30767fbb4ca5355da1b8a52d2) Importer(815301076,1909f56bfc062723c751e8b465ee728b)  -> (artifact id: '7c40233e5708ff1bbe43e26cd99427ec') in 0.008753 seconds 
  Import took 0.013913 seconds .

========================================================================
Received Import Request.
  Time since last request: 0.000257 seconds.
  path: Assets/圖片/Bushes/Bush-3.png
  artifactKey: Guid(3bbf7703b7a6bee4ca6239d94703cf25) Importer(815301076,1909f56bfc062723c751e8b465ee728b)
Start importing Assets/圖片/Bushes/Bush-3.png using Guid(3bbf7703b7a6bee4ca6239d94703cf25) Importer(815301076,1909f56bfc062723c751e8b465ee728b)  -> (artifact id: 'c69df32d2d82660a9d8db9f4b089ecc1') in 0.012199 seconds 
  Import took 0.019620 seconds .

========================================================================
Received Import Request.
  Time since last request: 1.117599 seconds.
  path: Assets/圖片/Flowers/Flower-1.png
  artifactKey: Guid(3f16579c13dc19d4893fbfcbb48b07fd) Importer(815301076,1909f56bfc062723c751e8b465ee728b)
Start importing Assets/圖片/Flowers/Flower-1.png using Guid(3f16579c13dc19d4893fbfcbb48b07fd) Importer(815301076,1909f56bfc062723c751e8b465ee728b)  -> (artifact id: '0bd91ae380a716ae04b41a07aca1bc41') in 0.007857 seconds 
  Import took 0.011395 seconds .

========================================================================
Received Import Request.
  Time since last request: 0.000251 seconds.
  path: Assets/圖片/Flowers/Flower-3.png
  artifactKey: Guid(a07954591af2f20489c2165e4d9b5966) Importer(815301076,1909f56bfc062723c751e8b465ee728b)
Start importing Assets/圖片/Flowers/Flower-3.png using Guid(a07954591af2f20489c2165e4d9b5966) Importer(815301076,1909f56bfc062723c751e8b465ee728b)  -> (artifact id: '64b3ab3e5b1e0c0ec11fcb6ea3f29483') in 0.009701 seconds 
  Import took 0.014105 seconds .

========================================================================
Received Import Request.
  Time since last request: 0.000392 seconds.
  path: Assets/圖片/Flowers/Flower-2.png
  artifactKey: Guid(4c98a8b8164fb114892c177fae3e3251) Importer(815301076,1909f56bfc062723c751e8b465ee728b)
Start importing Assets/圖片/Flowers/Flower-2.png using Guid(4c98a8b8164fb114892c177fae3e3251) Importer(815301076,1909f56bfc062723c751e8b465ee728b)  -> (artifact id: '9631930f425a7f1281c4a5a750e0cc5b') in 0.010317 seconds 
  Import took 0.017055 seconds .

========================================================================
Received Import Request.
  Time since last request: 0.589422 seconds.
  path: Assets/圖片/Grass/Grass-1.png
  artifactKey: Guid(e19a268610e847d40a719ccb20539ac3) Importer(815301076,1909f56bfc062723c751e8b465ee728b)
Start importing Assets/圖片/Grass/Grass-1.png using Guid(e19a268610e847d40a719ccb20539ac3) Importer(815301076,1909f56bfc062723c751e8b465ee728b)  -> (artifact id: 'da99a90e103eb5fa85fa9df100da70d6') in 0.010602 seconds 
  Import took 0.014595 seconds .

========================================================================
Received Import Request.
  Time since last request: 0.000207 seconds.
  path: Assets/圖片/Grass/Grass-2.png
  artifactKey: Guid(f9a2d9be360dc2e43a83b1795bf38875) Importer(815301076,1909f56bfc062723c751e8b465ee728b)
Start importing Assets/圖片/Grass/Grass-2.png using Guid(f9a2d9be360dc2e43a83b1795bf38875) Importer(815301076,1909f56bfc062723c751e8b465ee728b)  -> (artifact id: '18a8e27757d5c8baa01ed1e2ef34befe') in 0.012352 seconds 
  Import took 0.016202 seconds .

========================================================================
Received Import Request.
  Time since last request: 0.496509 seconds.
  path: Assets/圖片/Sculptures/Sculpture-1.png
  artifactKey: Guid(114c9391eec5c6947abf4ef11eb84526) Importer(815301076,1909f56bfc062723c751e8b465ee728b)
Start importing Assets/圖片/Sculptures/Sculpture-1.png using Guid(114c9391eec5c6947abf4ef11eb84526) Importer(815301076,1909f56bfc062723c751e8b465ee728b)  -> (artifact id: '23c336815d8ace8bd317351f102a15e0') in 0.008837 seconds 
  Import took 0.013471 seconds .

========================================================================
Received Import Request.
  Time since last request: 0.000247 seconds.
  path: Assets/圖片/Sculptures/Sculture-2.png
  artifactKey: Guid(74d6acbc869c51249a7b24658269d042) Importer(815301076,1909f56bfc062723c751e8b465ee728b)
Start importing Assets/圖片/Sculptures/Sculture-2.png using Guid(74d6acbc869c51249a7b24658269d042) Importer(815301076,1909f56bfc062723c751e8b465ee728b)  -> (artifact id: '3f8ce7468e856c29ee890d387f8f50ad') in 0.009715 seconds 
  Import took 0.013745 seconds .

========================================================================
Received Import Request.
  Time since last request: 0.620911 seconds.
  path: Assets/圖片/Ground tileset/Bright-grass-tileset.png
  artifactKey: Guid(e1000fbc1616343469a44ce822097c2a) Importer(815301076,1909f56bfc062723c751e8b465ee728b)
Start importing Assets/圖片/Ground tileset/Bright-grass-tileset.png using Guid(e1000fbc1616343469a44ce822097c2a) Importer(815301076,1909f56bfc062723c751e8b465ee728b)  -> (artifact id: '3bdfe235b908e0c90f2d232729fd867c') in 0.134055 seconds 
  Import took 0.137531 seconds .

========================================================================
Received Import Request.
  Time since last request: 0.000300 seconds.
  path: Assets/圖片/Ground tileset/Stone-path-tileset-horizontal.png
  artifactKey: Guid(78b179fa10499a447a5c362336d8566d) Importer(815301076,1909f56bfc062723c751e8b465ee728b)
Start importing Assets/圖片/Ground tileset/Stone-path-tileset-horizontal.png using Guid(78b179fa10499a447a5c362336d8566d) Importer(815301076,1909f56bfc062723c751e8b465ee728b)  -> (artifact id: '1d58a58f2f9884e308a17017aa8a67a1') in 0.011447 seconds 
  Import took 0.014372 seconds .

========================================================================
Received Import Request.
  Time since last request: 0.000352 seconds.
  path: Assets/圖片/Ground tileset/Earth-tileset.png
  artifactKey: Guid(f91e0e618787f9648bd318fef81a9d26) Importer(815301076,1909f56bfc062723c751e8b465ee728b)
Start importing Assets/圖片/Ground tileset/Earth-tileset.png using Guid(f91e0e618787f9648bd318fef81a9d26) Importer(815301076,1909f56bfc062723c751e8b465ee728b)  -> (artifact id: '01b4cd71d27b9f1e7f46f2e394a45dc7') in 0.073561 seconds 
  Import took 0.077735 seconds .

========================================================================
Received Import Request.
  Time since last request: 0.000292 seconds.
  path: Assets/圖片/Ground tileset/Stone-path-tileset-vertical.png
  artifactKey: Guid(a2b4178bc55e35f49909c0d5c963a5a3) Importer(815301076,1909f56bfc062723c751e8b465ee728b)
Start importing Assets/圖片/Ground tileset/Stone-path-tileset-vertical.png using Guid(a2b4178bc55e35f49909c0d5c963a5a3) Importer(815301076,1909f56bfc062723c751e8b465ee728b)  -> (artifact id: 'a462e303e13a6ffa42db4b7e4e7bacc7') in 0.011136 seconds 
  Import took 0.015659 seconds .

========================================================================
Received Import Request.
  Time since last request: 0.000396 seconds.
  path: Assets/圖片/Ground tileset/Dark-grass-tileset.png
  artifactKey: Guid(e2c5fcc058cf56d4ba9457af43258884) Importer(815301076,1909f56bfc062723c751e8b465ee728b)
Start importing Assets/圖片/Ground tileset/Dark-grass-tileset.png using Guid(e2c5fcc058cf56d4ba9457af43258884) Importer(815301076,1909f56bfc062723c751e8b465ee728b)  -> (artifact id: '862c318af815d575fb9a53450bc24c7d') in 0.013592 seconds 
  Import took 0.020159 seconds .

========================================================================
Received Import Request.
  Time since last request: 0.147294 seconds.
  path: Assets/圖片/Stones/Stone-1.png
  artifactKey: Guid(5e9eacd904232de4eaab69854bfe95e6) Importer(815301076,1909f56bfc062723c751e8b465ee728b)
Start importing Assets/圖片/Stones/Stone-1.png using Guid(5e9eacd904232de4eaab69854bfe95e6) Importer(815301076,1909f56bfc062723c751e8b465ee728b)  -> (artifact id: 'ec7849a6aa8e94a7c779ee6417715a01') in 0.008211 seconds 
  Import took 0.011565 seconds .

========================================================================
Received Import Request.
  Time since last request: 0.000267 seconds.
  path: Assets/圖片/Stones/Stone-2.png
  artifactKey: Guid(de5f75224b8d40d4f99523384dcf2c52) Importer(815301076,1909f56bfc062723c751e8b465ee728b)
Start importing Assets/圖片/Stones/Stone-2.png using Guid(de5f75224b8d40d4f99523384dcf2c52) Importer(815301076,1909f56bfc062723c751e8b465ee728b)  -> (artifact id: 'f0923ca68513f71bb22a770c85fda4a7') in 0.012834 seconds 
  Import took 0.016028 seconds .

========================================================================
Received Import Request.
  Time since last request: 564.291004 seconds.
  path: Assets/圖片/First Asset pack .png
  artifactKey: Guid(731bfa76414417e47b14642af6a500a4) Importer(815301076,1909f56bfc062723c751e8b465ee728b)
Start importing Assets/圖片/First Asset pack .png using Guid(731bfa76414417e47b14642af6a500a4) Importer(815301076,1909f56bfc062723c751e8b465ee728b)  -> (artifact id: '5e57b48da9134143b2c1157e94cea82f') in 1.168419 seconds 
  Import took 1.172935 seconds .

========================================================================
Received Prepare
Refreshing native plugins compatible for Editor in 2.65 ms, found 3 plugins.
Preloading 0 native plugins for Editor in 0.00 ms.
Unloading 15 Unused Serialized files (Serialized files now loaded: 0)
System memory in use before: 56.0 MB.
System memory in use after: 56.1 MB.

Unloading 15 unused Assets to reduce memory usage. Loaded Objects now: 2694.
Total: 3.238500 ms (FindLiveObjects: 0.155500 ms CreateObjectMapping: 0.068800 ms MarkObjects: 3.003800 ms  DeleteObjects: 0.009700 ms)

AssetImportParameters requested are different than current active one (requested -> active):
  custom:framework-win-MediaFoundation: 216162199b28c13a410421893ffa2e32 -> 
  custom:video-decoder-ogg-theora: a1e56fd34408186e4bbccfd4996cb3dc -> 
  custom:container-muxer-webm: aa71ff27fc2769a1b78a27578f13a17b -> 
  custom:container-demuxer-webm: 4f35f7cbe854078d1ac9338744f61a02 -> 
  custom:container-demuxer-ogg: 62fdf1f143b41e24485cea50d1cbac27 -> 
  custom:video-encoder-webm-vp8: eb34c28f22e8b96e1ab97ce403110664 -> 
  custom:video-decoder-webm-vp8: 9c59270c3fd7afecdb556c50c9e8de78 -> 
  custom:audio-decoder-ogg-vorbis: bf7c407c2cedff20999df2af8eb42d56 -> 
  custom:audio-encoder-webm-vorbis: bf7c407c2cedff20999df2af8eb42d56 -> 
========================================================================
Received Import Request.
  Time since last request: 3507.127748 seconds.
  path: Assets/圖片/First Asset pack  1.png
  artifactKey: Guid(462a2aa34d278b748acb0facf719c4b0) Importer(815301076,1909f56bfc062723c751e8b465ee728b)
Start importing Assets/圖片/First Asset pack  1.png using Guid(462a2aa34d278b748acb0facf719c4b0) Importer(815301076,1909f56bfc062723c751e8b465ee728b)  -> (artifact id: '8775b2342a89a5d3eda4cd0f1929805d') in 0.976088 seconds 
  Import took 0.981594 seconds .

========================================================================
Received Import Request.
  Time since last request: 0.000294 seconds.
  path: Assets/圖片/First Asset pack  2.png
  artifactKey: Guid(9545cb3322e27cf4ebea605d4d6f1ac2) Importer(815301076,1909f56bfc062723c751e8b465ee728b)
Start importing Assets/圖片/First Asset pack  2.png using Guid(9545cb3322e27cf4ebea605d4d6f1ac2) Importer(815301076,1909f56bfc062723c751e8b465ee728b)  -> (artifact id: 'ad6404023a7db0b3b1618b2a6958de1f') in 0.943459 seconds 
  Import took 0.947875 seconds .

========================================================================
Received Import Request.
  Time since last request: 67.245585 seconds.
  path: Assets/圖片/方形圖片.png
  artifactKey: Guid(bade4a904ab0cb0478f268fc6dfe676c) Importer(815301076,1909f56bfc062723c751e8b465ee728b)
Start importing Assets/圖片/方形圖片.png using Guid(bade4a904ab0cb0478f268fc6dfe676c) Importer(815301076,1909f56bfc062723c751e8b465ee728b)  -> (artifact id: '86dac8c43817024592591c2950fe1f72') in 0.015769 seconds 
  Import took 0.019070 seconds .

========================================================================
Received Import Request.
  Time since last request: 833.066444 seconds.
  path: Assets/Mamelon.otf
  artifactKey: Guid(e3a9572348b664248a8235de2628d94a) Importer(815301076,1909f56bfc062723c751e8b465ee728b)
Start importing Assets/Mamelon.otf using Guid(e3a9572348b664248a8235de2628d94a) Importer(815301076,1909f56bfc062723c751e8b465ee728b)  -> (artifact id: '9c86570172db1fa6e9fdfaf4cfe8670f') in 0.034984 seconds 
  Import took 0.038989 seconds .

AssetImportWorkerClient::OnTransportError - code=2 error=End of file
